d:\vs\new_lidar_pro\new_lidar_pro\debug\vc140.pdb
d:\vs\new_lidar_pro\new_lidar_pro\debug\vc140.idb
d:\vs\new_lidar_pro\new_lidar_pro\debug\data_smooth.obj
d:\vs\new_lidar_pro\new_lidar_pro\debug\dfs_path.obj
d:\vs\new_lidar_pro\new_lidar_pro\debug\display.obj
d:\vs\new_lidar_pro\new_lidar_pro\debug\dwa.obj
d:\vs\new_lidar_pro\new_lidar_pro\debug\icp.obj
d:\vs\new_lidar_pro\new_lidar_pro\debug\kdtree.obj
d:\vs\new_lidar_pro\new_lidar_pro\debug\mcl.obj
d:\vs\new_lidar_pro\new_lidar_pro\debug\motor_driver.obj
d:\vs\new_lidar_pro\new_lidar_pro\debug\net_serial.obj
d:\vs\new_lidar_pro\new_lidar_pro\debug\net_socket.obj
d:\vs\new_lidar_pro\new_lidar_pro\debug\new_lidar_pro.obj
d:\vs\new_lidar_pro\new_lidar_pro\debug\rplidar_driver.obj
d:\vs\new_lidar_pro\new_lidar_pro\debug\thread.obj
d:\vs\new_lidar_pro\new_lidar_pro\debug\timer.obj
d:\vs\new_lidar_pro\new_lidar_pro\debug\udp.obj
d:\vs\new_lidar_pro\debug\new_lidar_pro.ilk
d:\vs\new_lidar_pro\debug\new_lidar_pro.exe
d:\vs\new_lidar_pro\debug\new_lidar_pro.pdb
d:\vs\new_lidar_pro\debug\new_lidar_pro.lib
d:\vs\new_lidar_pro\debug\new_lidar_pro.exp
d:\vs\new_lidar_pro\new_lidar_pro\debug\new_lidar_pro.tlog\cl.command.1.tlog
d:\vs\new_lidar_pro\new_lidar_pro\debug\new_lidar_pro.tlog\cl.read.1.tlog
d:\vs\new_lidar_pro\new_lidar_pro\debug\new_lidar_pro.tlog\cl.write.1.tlog
d:\vs\new_lidar_pro\new_lidar_pro\debug\new_lidar_pro.tlog\link.command.1.tlog
d:\vs\new_lidar_pro\new_lidar_pro\debug\new_lidar_pro.tlog\link.read.1.tlog
d:\vs\new_lidar_pro\new_lidar_pro\debug\new_lidar_pro.tlog\link.write.1.tlog
d:\vs\new_lidar_pro\new_lidar_pro\debug\new_lidar_pro.tlog\new_lidar_pro.write.1u.tlog
